# JRE version: OpenJDK Runtime Environment (21.0.1+12) (build 21.0.1+12-29)
# Java VM: OpenJDK 64-Bit Server VM (21.0.1+12-29, mixed mode, sharing, tiered, compressed oops, compressed class ptrs, g1 gc, windows-amd64)
GC Precious Log:
 CardTable entry size: 512
 Card Set container configuration: InlinePtr #cards 4 size 8 Array Of Cards #cards 16 size 48 Howl #buckets 8 coarsen threshold 3686 Howl Bitmap #cards 512 size 80 coarsen threshold 460 Card regions per heap region 1 cards per card region 4096
 CPUs: 8 total, 8 available
 Memory: 16065M
 Large Page Support: Disabled
 NUMA Support: Disabled
 Compressed Oops: Enabled (Zero based)
 Heap Region Size: 2M
 Heap Min Capacity: 8M
 Heap Initial Capacity: 252M
 Heap Max Capacity: 4018M
 Pre-touch: Disabled
 Parallel Workers: 8
 Concurrent Workers: 2
 Concurrent Refinement Workers: 8
 Periodic GC: Disabled
Heap:
 garbage-first heap   total 258048K, used 130865K [0x0000000704e00000, 0x0000000800000000)
  region size 2048K, 59 young (120832K), 1 survivors (2048K)
 Metaspace       used 6243K, committed 6528K, reserved 1114112K
  class space    used 376K, committed 512K, reserved 1048576K
GC Heap History (20 events):
Event: 42.340 GC heap before
{Heap before GC invocations=31 (full 0):
 garbage-first heap   total 258048K, used 165683K [0x0000000704e00000, 0x0000000800000000)
  region size 2048K, 75 young (153600K), 1 survivors (2048K)
 Metaspace       used 6159K, committed 6400K, reserved 1114112K
  class space    used 364K, committed 512K, reserved 1048576K
}
Event: 42.342 GC heap after
{Heap after GC invocations=32 (full 0):
 garbage-first heap   total 258048K, used 14131K [0x0000000704e00000, 0x0000000800000000)
  region size 2048K, 1 young (2048K), 1 survivors (2048K)
 Metaspace       used 6159K, committed 6400K, reserved 1114112K
  class space    used 364K, committed 512K, reserved 1048576K
}
Event: 43.581 GC heap before
{Heap before GC invocations=32 (full 0):
 garbage-first heap   total 258048K, used 165683K [0x0000000704e00000, 0x0000000800000000)
  region size 2048K, 75 young (153600K), 1 survivors (2048K)
 Metaspace       used 6159K, committed 6400K, reserved 1114112K
  class space    used 364K, committed 512K, reserved 1048576K
}
Event: 43.582 GC heap after
{Heap after GC invocations=33 (full 0):
 garbage-first heap   total 258048K, used 14131K [0x0000000704e00000, 0x0000000800000000)
  region size 2048K, 1 young (2048K), 1 survivors (2048K)
 Metaspace       used 6159K, committed 6400K, reserved 1114112K
  class space    used 364K, committed 512K, reserved 1048576K
}
Event: 44.814 GC heap before
{Heap before GC invocations=33 (full 0):
 garbage-first heap   total 258048K, used 165683K [0x0000000704e00000, 0x0000000800000000)
  region size 2048K, 75 young (153600K), 1 survivors (2048K)
 Metaspace       used 6159K, committed 6400K, reserved 1114112K
  class space    used 364K, committed 512K, reserved 1048576K
}
Event: 44.815 GC heap after
{Heap after GC invocations=34 (full 0):
 garbage-first heap   total 258048K, used 14129K [0x0000000704e00000, 0x0000000800000000)
  region size 2048K, 1 young (2048K), 1 survivors (2048K)
 Metaspace       used 6159K, committed 6400K, reserved 1114112K
  class space    used 364K, committed 512K, reserved 1048576K
}
Event: 46.045 GC heap before
{Heap before GC invocations=34 (full 0):
 garbage-first heap   total 258048K, used 165681K [0x0000000704e00000, 0x0000000800000000)
  region size 2048K, 75 young (153600K), 1 survivors (2048K)
 Metaspace       used 6159K, committed 6400K, reserved 1114112K
  class space    used 364K, committed 512K, reserved 1048576K
}
Event: 46.046 GC heap after
{Heap after GC invocations=35 (full 0):
 garbage-first heap   total 258048K, used 14131K [0x0000000704e00000, 0x0000000800000000)
  region size 2048K, 1 young (2048K), 1 survivors (2048K)
 Metaspace       used 6159K, committed 6400K, reserved 1114112K
  class space    used 364K, committed 512K, reserved 1048576K
}
Event: 47.390 GC heap before
{Heap before GC invocations=35 (full 0):
 garbage-first heap   total 258048K, used 165683K [0x0000000704e00000, 0x0000000800000000)
  region size 2048K, 75 young (153600K), 1 survivors (2048K)
 Metaspace       used 6159K, committed 6400K, reserved 1114112K
  class space    used 364K, committed 512K, reserved 1048576K
}
Event: 47.391 GC heap after
{Heap after GC invocations=36 (full 0):
 garbage-first heap   total 258048K, used 14131K [0x0000000704e00000, 0x0000000800000000)
  region size 2048K, 1 young (2048K), 1 survivors (2048K)
 Metaspace       used 6159K, committed 6400K, reserved 1114112K
  class space    used 364K, committed 512K, reserved 1048576K
}
Event: 48.627 GC heap before
{Heap before GC invocations=36 (full 0):
 garbage-first heap   total 258048K, used 165683K [0x0000000704e00000, 0x0000000800000000)
  region size 2048K, 75 young (153600K), 1 survivors (2048K)
 Metaspace       used 6159K, committed 6400K, reserved 1114112K
  class space    used 364K, committed 512K, reserved 1048576K
}
Event: 48.627 GC heap after
{Heap after GC invocations=37 (full 0):
 garbage-first heap   total 258048K, used 14133K [0x0000000704e00000, 0x0000000800000000)
  region size 2048K, 1 young (2048K), 1 survivors (2048K)
 Metaspace       used 6159K, committed 6400K, reserved 1114112K
  class space    used 364K, committed 512K, reserved 1048576K
}
Event: 49.865 GC heap before
{Heap before GC invocations=37 (full 0):
 garbage-first heap   total 258048K, used 165685K [0x0000000704e00000, 0x0000000800000000)
  region size 2048K, 75 young (153600K), 1 survivors (2048K)
 Metaspace       used 6159K, committed 6400K, reserved 1114112K
  class space    used 364K, committed 512K, reserved 1048576K
}
Event: 49.866 GC heap after
{Heap after GC invocations=38 (full 0):
 garbage-first heap   total 258048K, used 14133K [0x0000000704e00000, 0x0000000800000000)
  region size 2048K, 1 young (2048K), 1 survivors (2048K)
 Metaspace       used 6159K, committed 6400K, reserved 1114112K
  class space    used 364K, committed 512K, reserved 1048576K
}
Event: 51.115 GC heap before
{Heap before GC invocations=38 (full 0):
 garbage-first heap   total 258048K, used 165685K [0x0000000704e00000, 0x0000000800000000)
  region size 2048K, 75 young (153600K), 1 survivors (2048K)
 Metaspace       used 6159K, committed 6400K, reserved 1114112K
  class space    used 364K, committed 512K, reserved 1048576K
}
Event: 51.116 GC heap after
{Heap after GC invocations=39 (full 0):
 garbage-first heap   total 258048K, used 14131K [0x0000000704e00000, 0x0000000800000000)
  region size 2048K, 1 young (2048K), 1 survivors (2048K)
 Metaspace       used 6159K, committed 6400K, reserved 1114112K
  class space    used 364K, committed 512K, reserved 1048576K
}
Event: 52.408 GC heap before
{Heap before GC invocations=39 (full 0):
 garbage-first heap   total 258048K, used 165683K [0x0000000704e00000, 0x0000000800000000)
  region size 2048K, 75 young (153600K), 1 survivors (2048K)
 Metaspace       used 6159K, committed 6400K, reserved 1114112K
  class space    used 364K, committed 512K, reserved 1048576K
}
Event: 52.409 GC heap after
{Heap after GC invocations=40 (full 0):
 garbage-first heap   total 258048K, used 14133K [0x0000000704e00000, 0x0000000800000000)
  region size 2048K, 1 young (2048K), 1 survivors (2048K)
 Metaspace       used 6159K, committed 6400K, reserved 1114112K
  class space    used 364K, committed 512K, reserved 1048576K
}
Event: 53.675 GC heap before
{Heap before GC invocations=40 (full 0):
 garbage-first heap   total 258048K, used 165685K [0x0000000704e00000, 0x0000000800000000)
  region size 2048K, 75 young (153600K), 1 survivors (2048K)
 Metaspace       used 6159K, committed 6400K, reserved 1114112K
  class space    used 364K, committed 512K, reserved 1048576K
}
Event: 53.676 GC heap after
{Heap after GC invocations=41 (full 0):
 garbage-first heap   total 258048K, used 14129K [0x0000000704e00000, 0x0000000800000000)
  region size 2048K, 1 young (2048K), 1 survivors (2048K)
 Metaspace       used 6159K, committed 6400K, reserved 1114112K
  class space    used 364K, committed 512K, reserved 1048576K
}

